<?xml version="1.0" encoding="UTF-8"?>
<!-- Generated by org.testng.reporters.JUnitReportReporter -->
<testsuite skipped="0" hostname="LAPTOP-FHVIN2VS" name="com.qa.api.gorest.tests.ImgurGetAPI" tests="3" failures="0" timestamp="05 Sep 2020 03:50:12 GMT" time="7.296" errors="0">
  <testcase name="getAccountImageTest" time="0.838" classname="com.qa.api.gorest.tests.ImgurGetAPI"/>
  <testcase name="uploadImageTest" time="5.401" classname="com.qa.api.gorest.tests.ImgurGetAPI"/>
  <testcase name="getAccountBlockStatusTest" time="1.057" classname="com.qa.api.gorest.tests.ImgurGetAPI"/>
</testsuite> <!-- com.qa.api.gorest.tests.ImgurGetAPI -->
