<?xml version="1.0" encoding="UTF-8"?>
<!-- Generated by org.testng.reporters.JUnitReportReporter -->
<testsuite skipped="0" hostname="LAPTOP-FHVIN2VS" name="com.qa.api.gorest.tests.GetUserTest" tests="2" failures="0" timestamp="05 Sep 2020 03:50:12 GMT" time="2.926" errors="0">
  <testcase name="getUserWithQueryParams" time="1.455" classname="com.qa.api.gorest.tests.GetUserTest"/>
  <testcase name="getAllusersApiTest" time="1.471" classname="com.qa.api.gorest.tests.GetUserTest"/>
</testsuite> <!-- com.qa.api.gorest.tests.GetUserTest -->
