<?xml version="1.0" encoding="UTF-8"?>
<!-- Generated by org.testng.reporters.JUnitReportReporter -->
<testsuite skipped="0" hostname="LAPTOP-FHVIN2VS" name="com.qa.api.gorest.tests.CreateUserTest" tests="1" failures="0" timestamp="03 Sep 2020 23:44:17 GMT" time="3.193" errors="0">
  <testcase name="getAllusersApiTest" time="3.193" classname="com.qa.api.gorest.tests.CreateUserTest"/>
</testsuite> <!-- com.qa.api.gorest.tests.CreateUserTest -->
