<?xml version="1.0" encoding="UTF-8"?>
<!-- Generated by org.testng.reporters.JUnitReportReporter -->
<testsuite skipped="0" hostname="LAPTOP-FHVIN2VS" name="com.qa.api.gorest.tests.CreateUser" tests="5" failures="0" timestamp="05 Sep 2020 03:50:12 GMT" time="7.435" errors="0">
  <testcase name="createMultipleUsersWithExcel" time="1.492" classname="com.qa.api.gorest.tests.CreateUser"/>
  <testcase name="createMultipleUsersWithExcel" time="1.554" classname="com.qa.api.gorest.tests.CreateUser"/>
  <testcase name="createUserWithPojo" time="1.470" classname="com.qa.api.gorest.tests.CreateUser"/>
  <testcase name="createMultipleUsersWithExcel" time="1.461" classname="com.qa.api.gorest.tests.CreateUser"/>
  <testcase name="createMultipleUsersWithExcel" time="1.458" classname="com.qa.api.gorest.tests.CreateUser"/>
</testsuite> <!-- com.qa.api.gorest.tests.CreateUser -->
